frontend/build/app/outputs/mapping/release/mapping.txt
# compiler: R8
# compiler_version: 2.1.62
# min_api: 16
# pg_map_id: 1063480
# common_typos_disable
...
com.google.android.gms.internal.location.zzar -> c.a.a.a.d.c.j:
    boolean dispatchTransaction(int,android.os.Parcel,android.os.Parcel,int) -> b
com.google.android.gms.internal.location.zzas -> c.a.a.a.d.c.k:
    com.google.android.gms.internal.location.zzbj zzcb -> a
    java.util.Map zzcx -> c
    java.util.Map zzcy -> d
    java.util.Map zzcz -> e
    boolean zzcw -> b
    void removeAllListeners() -> a
    void zza(com.google.android.gms.internal.location.zzbd,com.google.android.gms.common.api.internal.ListenerHolder,com.google.android.gms.internal.location.zzaj) -> b
    void zza(boolean) -> c
    com.google.android.gms.internal.location.zzat zzb(com.google.android.gms.common.api.internal.ListenerHolder) -> d
    void zzb() -> e
    void zzb(com.google.android.gms.common.api.internal.ListenerHolder$ListenerKey,com.google.android.gms.internal.location.zzaj) -> f
com.google.android.gms.internal.location.zzat -> c.a.a.a.d.c.l:
    com.google.android.gms.common.api.internal.ListenerHolder zzda -> a
    void onLocationAvailability(com.google.android.gms.location.LocationAvailability) -> M
    void release() -> i
    void onLocationResult(com.google.android.gms.location.LocationResult) -> s
com.google.android.gms.internal.location.zzau -> c.a.a.a.d.c.m:
    com.google.android.gms.location.LocationResult zzdb -> a
    void notifyListener(java.lang.Object) -> a
    void onNotifyListenerFailed() -> b
com.google.android.gms.internal.location.zzav -> c.a.a.a.d.c.n:
    com.google.android.gms.location.LocationAvailability zzdc -> a
    void notifyListener(java.lang.Object) -> a
    void onNotifyListenerFailed() -> b
com.google.android.gms.internal.location.zzaw -> c.a.a.a.d.c.o:
com.google.android.gms.internal.location.zzax -> c.a.a.a.d.c.p:
    com.google.android.gms.common.api.internal.ListenerHolder zzda -> a
    void onLocationChanged(android.location.Location) -> c
com.google.android.gms.internal.location.zzay -> c.a.a.a.d.c.q:
    android.location.Location zzdd -> a
    void notifyListener(java.lang.Object) -> a
    void onNotifyListenerFailed() -> b
com.google.android.gms.internal.location.zzaz -> c.a.a.a.d.c.r:
    com.google.android.gms.internal.location.zzas zzde -> z
    void disconnect() -> g
    void zza(com.google.android.gms.internal.location.zzbd,com.google.android.gms.common.api.internal.ListenerHolder,com.google.android.gms.internal.location.zzaj) -> i0
    void zza(com.google.android.gms.location.LocationSettingsRequest,com.google.android.gms.common.api.internal.BaseImplementation$ResultHolder,java.lang.String) -> j0
    void zzb(com.google.android.gms.common.api.internal.ListenerHolder$ListenerKey,com.google.android.gms.internal.location.zzaj) -> k0
com.google.android.gms.internal.location.zzb -> c.a.a.a.d.c.s:
    boolean dispatchTransaction(int,android.os.Parcel,android.os.Parcel,int) -> b
com.google.android.gms.internal.location.zzbc -> c.a.a.a.d.c.t:
    com.google.android.gms.common.api.internal.BaseImplementation$ResultHolder zzdf -> a
    void zza(com.google.android.gms.location.LocationSettingsResult) -> F
com.google.android.gms.internal.location.zzbd -> c.a.a.a.d.c.u:
    java.util.List zzm -> b
    java.lang.String moduleId -> g
    com.google.android.gms.location.LocationRequest zzdg -> a
    boolean zzdi -> e
    boolean zzdj -> f
    java.util.List zzcd -> h
    java.lang.String tag -> c
    boolean zzdh -> d
    com.google.android.gms.internal.location.zzbd zza(com.google.android.gms.location.LocationRequest) -> b
com.google.android.gms.internal.location.zzbe -> c.a.a.a.d.c.v: