frontend/build/app/outputs/mapping/release/usage.txt
com.example.LifeDebugger.life_debugger.R
com.example.LifeDebugger.life_debugger.R$layout
com.example.LifeDebugger.life_debugger.BuildConfig
com.example.LifeDebugger.life_debugger.R$attr
com.example.LifeDebugger.life_debugger.R$mipmap
com.example.LifeDebugger.life_debugger.R$drawable
com.example.LifeDebugger.life_debugger.R$dimen
com.example.LifeDebugger.life_debugger.R$styleable
com.example.LifeDebugger.life_debugger.R$id
com.example.LifeDebugger.life_debugger.R$style
com.example.LifeDebugger.life_debugger.R$string
com.example.LifeDebugger.life_debugger.R$integer
com.example.LifeDebugger.life_debugger.R$color
...
androidx.core.util.Consumer
androidx.lifecycle.Lifecycling:
    static androidx.lifecycle.GenericLifecycleObserver getCallback(java.lang.Object)
    private void <init>()
    private static final int REFLECTIVE_CALLBACK
    private static final int GENERATED_CALLBACK
com.google.android.gms.internal.base.zak
kotlin.collections.builders.ListBuilder$Itr
androidx.core.view.inputmethod.InputContentInfoCompat
androidx.core.app.NotificationCompat$BigPictureStyle
androidx.legacy.coreutils.R$attr
androidx.core.content.pm.ShortcutInfoCompatSaver$NoopImpl
kotlin.contracts.ConditionalEffect
com.google.android.gms.common.R$integer
com.google.android.gms.common.api.internal.zacd
kotlin.text.StringsKt___StringsKt$chunkedSequence$1
androidx.activity.R
kotlin.LazyThreadSafetyMode
androidx.print.PrintHelper$PrintUriAdapter$1
androidx.media.session.MediaButtonReceiver$MediaButtonConnectionCallback
androidx.core.app.NotificationCompat$BigTextStyle:
    public void <init>(androidx.core.app.NotificationCompat$Builder)
    public androidx.core.app.NotificationCompat$BigTextStyle setBigContentTitle(java.lang.CharSequence)
    public androidx.core.app.NotificationCompat$BigTextStyle setSummaryText(java.lang.CharSequence)
kotlin.jvm.internal.CharSpreadBuilder
com.google.android.gms.tasks.zzx
androidx.core.view.inputmethod.InputContentInfoCompat$InputContentInfoCompatBaseImpl
androidx.annotation.AnyThread
androidx.core.content.FileProvider$PathStrategy
kotlin.jvm.Volatile
com.google.android.gms.dynamic.DeferredLifecycleHelper$zaa
androidx.drawerlayout.widget.DrawerLayout$AccessibilityDelegate
androidx.core.widget.ImageViewCompat
com.google.android.gms.tasks.zzg
androidx.annotation.RestrictTo$Scope
androidx.core.widget.ContentLoadingProgressBar
androidx.core.util.HalfKt
io.flutter.plugin.common.EventChannel$IncomingStreamRequestHandler$EventSinkImplementation:
    public void endOfStream()
androidx.core.widget.TextViewKt$addTextChangedListener$2
androidx.core.app.NotificationCompatJellybean:
    public static androidx.core.app.NotificationCompat$Action readAction(int,java.lang.CharSequence,android.app.PendingIntent,android.os.Bundle)
    public static int getActionCount(android.app.Notification)
    public static androidx.core.app.NotificationCompat$Action getAction(android.app.Notification,int)
    private static java.lang.Object[] getActionObjectsLocked(android.app.Notification)
    private static boolean ensureActionReflectionReadyLocked()
    static androidx.core.app.NotificationCompat$Action getActionFromBundle(android.os.Bundle)
    private static androidx.core.app.RemoteInput fromBundle(android.os.Bundle)
    private static androidx.core.app.RemoteInput[] fromBundleArray(android.os.Bundle[])
    private static android.os.Bundle[] getBundleArrayFromBundle(android.os.Bundle,java.lang.String)
    private void <init>()
    public static final java.lang.String TAG
    static final java.lang.String EXTRA_DATA_ONLY_REMOTE_INPUTS
    static final java.lang.String EXTRA_ALLOW_GENERATED_REPLIES
    private static final java.lang.String KEY_ICON
    private static final java.lang.String KEY_TITLE
    private static final java.lang.String KEY_ACTION_INTENT
    private static final java.lang.String KEY_EXTRAS
    private static final java.lang.String KEY_REMOTE_INPUTS
    private static final java.lang.String KEY_DATA_ONLY_REMOTE_INPUTS
    private static final java.lang.String KEY_RESULT_KEY
kotlin.sequences.SubSequence$iterator$1
io.flutter.embedding.android.FlutterFragment$ActivityCallThrough
kotlin.collections.RingBuffer
com.google.android.gms.common.internal.service.zad
kotlin.jvm.internal.Ref$ObjectRef
com.google.android.gms.common.api.Api$ApiOptions$HasOptions
com.google.firebase.FirebaseExceptionMapper
android.support.v4.media.MediaBrowserCompat$ConnectionCallback$StubApi21
com.google.android.gms.location.zzc
androidx.fragment.R$color
kotlin.properties.PropertyDelegateProvider
androidx.media.MediaBrowserServiceCompat$MediaBrowserServiceImplApi21$3